<?xml version="1.0" encoding="UTF-8"?>
<!-- Generated by org.testng.reporters.JUnitReportReporter -->
<testsuite hostname="DESKTOP-P5H0KL6" failures="0" tests="1" name="hackathonProject.DeleteIt.Driver.DriverSetup" time="29.124" errors="0" timestamp="2023-06-21T11:48:55 IST" skipped="0">
  <testcase classname="hackathonProject.DeleteIt.Driver.DriverSetup" name="getInvokeBrowser" time="29.124"/>
</testsuite> <!-- hackathonProject.DeleteIt.Driver.DriverSetup -->
