<?xml version="1.0" encoding="UTF-8"?>
<!-- Generated by org.testng.reporters.JUnitReportReporter -->
<testsuite hostname="DESKTOP-4BK7783" failures="0" tests="8" name="hackathonProject.zigwheels.Main.driverpro" time="54.178" errors="0" timestamp="2023-07-04T22:23:47 IST" skipped="0">
  <testcase classname="hackathonProject.zigwheels.Main.driverpro" name="menuDisplayTest1" time="0.954"/>
  <testcase classname="hackathonProject.zigwheels.Main.driverpro" name="getBikeContent" time="14.389"/>
  <testcase classname="hackathonProject.zigwheels.Main.driverpro" name="navigateFromBikeToHome" time="3.197"/>
  <testcase classname="hackathonProject.zigwheels.Main.driverpro" name="menuDisplayTest2" time="0.319"/>
  <testcase classname="hackathonProject.zigwheels.Main.driverpro" name="usdCar" time="3.683"/>
  <testcase classname="hackathonProject.zigwheels.Main.driverpro" name="getCarContent" time="8.294"/>
  <testcase classname="hackathonProject.zigwheels.Main.driverpro" name="googleLogin" time="20.128"/>
  <testcase classname="hackathonProject.zigwheels.Main.driverpro" name="errMsg" time="3.214"/>
</testsuite> <!-- hackathonProject.zigwheels.Main.driverpro -->
