<?xml version="1.0" encoding="UTF-8"?>
<!-- Generated by org.testng.reporters.JUnitReportReporter -->
<testsuite hostname="DESKTOP-P5H0KL6" failures="0" tests="8" name="hackathonProject.DeleteIt.Main.driverpro" time="133.043" errors="0" timestamp="2023-06-22T10:09:50 IST" skipped="0">
  <testcase classname="hackathonProject.DeleteIt.Main.driverpro" name="menuDisplayTest1" time="0.328"/>
  <testcase classname="hackathonProject.DeleteIt.Main.driverpro" name="getBikeContent" time="59.136"/>
  <testcase classname="hackathonProject.DeleteIt.Main.driverpro" name="navigateFromBikeToHome" time="8.507"/>
  <testcase classname="hackathonProject.DeleteIt.Main.driverpro" name="menuDisplayTest2" time="0.158"/>
  <testcase classname="hackathonProject.DeleteIt.Main.driverpro" name="usdCar" time="5.292"/>
  <testcase classname="hackathonProject.DeleteIt.Main.driverpro" name="getCarContent" time="29.358"/>
  <testcase classname="hackathonProject.DeleteIt.Main.driverpro" name="googleLogin" time="26.856"/>
  <testcase classname="hackathonProject.DeleteIt.Main.driverpro" name="errMsg" time="3.408"/>
</testsuite> <!-- hackathonProject.DeleteIt.Main.driverpro -->
